Session Engarde - Engarde(Mini) 10.26.6 - 30/01/2024 - DESKTOP-HBOIHK8
11:06:13 ========= open competition : TEST2
11:06:13 C:\perso\escrime\Engarde10\Competitions\TEST2 - Identifier: dvubgisl
11:21:15 Sauvegarde , durée : 38 ms
11:21:28 Sauvegarde , durée : 47 ms
11:26:58 Sauvegarde , durée : 46 ms
11:28:25 Tableau creation (a32), permutation by pairs of ranks 5 and 6 : NO
11:28:25 Tableau creation (a32), permutation by pairs of ranks 7 and 8 : YES
11:28:25 Tableau creation (a32), permutation by pairs of ranks 9 and 10 : NO
11:28:25 Tableau creation (a32), permutation by pairs of ranks 11 and 12 : YES
11:28:25 Tableau creation (a32), permutation by pairs of ranks 13 and 14 : NO
11:28:25 Tableau creation (a32), permutation by pairs of ranks 15 and 16 : YES
11:28:29 Tableau creation, 3 permutations de 2 tireurs sur 6
11:28:29 Sauvegarde , durée : 63 ms
11:33:18 Sauvegarde , durée : 49 ms
11:38:33 Sauvegarde , durée : 47 ms
11:42:51 Sauvegarde , durée : 55 ms
11:44:43 Sauvegarde , durée : 56 ms
11:45:47 Sauvegarde , durée : 50 ms
11:46:36 Sauvegarde , durée : 52 ms
11:47:34 Sauvegarde , durée : 47 ms
11:48:44 Sauvegarde , durée : 51 ms
11:49:10 Sauvegarde , durée : 48 ms
11:49:46 Sauvegarde , durée : 56 ms
11:50:12 Sauvegarde , durée : 51 ms
11:50:41 Sauvegarde , durée : 55 ms
11:52:19 Sauvegarde , durée : 45 ms
11:52:37 Sauvegarde , durée : 55 ms
#### 3 times
12:00:06 Sauvegarde , durée : 52 ms
#### 2 times
12:00:28 Sauvegarde , durée : 57 ms
12:00:38 Sauvegarde , durée : 54 ms
12:00:48 Sauvegarde , durée : 56 ms
12:00:58 Sauvegarde , durée : 57 ms
12:01:07 Sauvegarde , durée : 51 ms
12:01:17 met_rangs_ pourqui=F from 3 prem_rang=3
12:01:17 met_rangs_, NOT setting 3e ex-aequo
12:01:17 Sauvegarde , durée : 47 ms
12:01:29 met_rangs_ pourqui=F from 3 prem_rang=3
12:01:29 met_rangs_, NOT setting 3e ex-aequo
12:01:29 Sauvegarde , durée : 51 ms
12:01:39 met_rangs_ pourqui=F from 3 prem_rang=3
12:01:39 met_rangs_, NOT setting 3e ex-aequo
12:01:39 Sauvegarde , durée : 54 ms
12:01:50 met_rangs_ pourqui=F from 3 prem_rang=3
12:01:50 met_rangs_, NOT setting 3e ex-aequo
12:01:50 Sauvegarde , durée : 54 ms
12:02:10 met_rangs_ pourqui=F from 3 prem_rang=3
12:02:10 met_rangs_, NOT setting 3e ex-aequo
12:02:10 Sauvegarde , durée : 52 ms
12:02:21 met_rangs_ pourqui=F from 3 prem_rang=3
12:02:21 met_rangs_, NOT setting 3e ex-aequo
12:02:21 Sauvegarde , durée : 52 ms
12:02:31 met_rangs_ pourqui=F from 3 prem_rang=3
12:02:31 met_rangs_, NOT setting 3e ex-aequo
12:02:31 Sauvegarde , durée : 55 ms
12:02:41 met_rangs_ pourqui=F from 1 prem_rang=1
12:02:41 met_rangs_, NOT setting 3e ex-aequo
12:02:52 met_rangs_ pourqui=F from 1 prem_rang=1
12:02:52 met_rangs_, NOT setting 3e ex-aequo
12:04:33 met_rangs_ pourqui=F from 1 prem_rang=1
12:04:33 met_rangs_, NOT setting 3e ex-aequo
12:17:32 Sauvegarde , durée : 53 ms
